# JRE version: Java(TM) SE Runtime Environment (8.0_60-b27) (build 1.8.0_60-b27)
# Java VM: Java HotSpot(TM) 64-Bit Server VM (25.60-b23 mixed mode linux-amd64 compressed oops)
Heap:
 PSYoungGen      total 286720K, used 31985K [0x00000000eab00000, 0x0000000100000000, 0x0000000100000000)
  eden space 235520K, 0% used [0x00000000eab00000,0x00000000eab00000,0x00000000f9100000)
  from space 51200K, 62% used [0x00000000f9100000,0x00000000fb03c7f8,0x00000000fc300000)
  to   space 62464K, 0% used [0x00000000fc300000,0x00000000fc300000,0x0000000100000000)
 ParOldGen       total 167936K, used 167878K [0x00000000c0000000, 0x00000000ca400000, 0x00000000eab00000)
  object space 167936K, 99% used [0x00000000c0000000,0x00000000ca3f1ae0,0x00000000ca400000)
 Metaspace       used 6430K, capacity 7256K, committed 7424K, reserved 1056768K
  class space    used 613K, capacity 656K, committed 768K, reserved 1048576K
GC Heap History (10 events):
Event: 5.409 GC heap after
Heap after GC invocations=4 (full 0):
 PSYoungGen      total 132096K, used 5104K [0x00000000eab00000, 0x00000000f3100000, 0x0000000100000000)
  eden space 126976K, 0% used [0x00000000eab00000,0x00000000eab00000,0x00000000f2700000)
  from space 5120K, 99% used [0x00000000f2c00000,0x00000000f30fc020,0x00000000f3100000)
  to   space 5120K, 0% used [0x00000000f2700000,0x00000000f2700000,0x00000000f2c00000)
 ParOldGen       total 84992K, used 19484K [0x00000000c0000000, 0x00000000c5300000, 0x00000000eab00000)
  object space 84992K, 22% used [0x00000000c0000000,0x00000000c1307340,0x00000000c5300000)
 Metaspace       used 6022K, capacity 6936K, committed 7168K, reserved 1056768K
  class space    used 612K, capacity 656K, committed 768K, reserved 1048576K
}
Event: 7.880 GC heap before
{Heap before GC invocations=5 (full 0):
 PSYoungGen      total 132096K, used 132080K [0x00000000eab00000, 0x00000000f3100000, 0x0000000100000000)
  eden space 126976K, 100% used [0x00000000eab00000,0x00000000f2700000,0x00000000f2700000)
  from space 5120K, 99% used [0x00000000f2c00000,0x00000000f30fc020,0x00000000f3100000)
  to   space 5120K, 0% used [0x00000000f2700000,0x00000000f2700000,0x00000000f2c00000)
 ParOldGen       total 84992K, used 19484K [0x00000000c0000000, 0x00000000c5300000, 0x00000000eab00000)
  object space 84992K, 22% used [0x00000000c0000000,0x00000000c1307340,0x00000000c5300000)
 Metaspace       used 6243K, capacity 7128K, committed 7424K, reserved 1056768K
  class space    used 612K, capacity 656K, committed 768K, reserved 1048576K
Event: 8.036 GC heap after
Heap after GC invocations=5 (full 0):
 PSYoungGen      total 132096K, used 5114K [0x00000000eab00000, 0x00000000fe300000, 0x0000000100000000)
  eden space 126976K, 0% used [0x00000000eab00000,0x00000000eab00000,0x00000000f2700000)
  from space 5120K, 99% used [0x00000000f2700000,0x00000000f2bfeb70,0x00000000f2c00000)
  to   space 32768K, 0% used [0x00000000fc300000,0x00000000fc300000,0x00000000fe300000)
 ParOldGen       total 84992K, used 47419K [0x00000000c0000000, 0x00000000c5300000, 0x00000000eab00000)
  object space 84992K, 55% used [0x00000000c0000000,0x00000000c2e4ed38,0x00000000c5300000)
 Metaspace       used 6243K, capacity 7128K, committed 7424K, reserved 1056768K
  class space    used 612K, capacity 656K, committed 768K, reserved 1048576K
}
Event: 11.880 GC heap before
{Heap before GC invocations=6 (full 0):
 PSYoungGen      total 132096K, used 132090K [0x00000000eab00000, 0x00000000fe300000, 0x0000000100000000)
  eden space 126976K, 100% used [0x00000000eab00000,0x00000000f2700000,0x00000000f2700000)
  from space 5120K, 99% used [0x00000000f2700000,0x00000000f2bfeb70,0x00000000f2c00000)
  to   space 32768K, 0% used [0x00000000fc300000,0x00000000fc300000,0x00000000fe300000)
 ParOldGen       total 84992K, used 47419K [0x00000000c0000000, 0x00000000c5300000, 0x00000000eab00000)
  object space 84992K, 55% used [0x00000000c0000000,0x00000000c2e4ed38,0x00000000c5300000)
 Metaspace       used 6396K, capacity 7192K, committed 7424K, reserved 1056768K
  class space    used 612K, capacity 656K, committed 768K, reserved 1048576K
Event: 12.336 GC heap after
Heap after GC invocations=6 (full 0):
 PSYoungGen      total 268288K, used 32740K [0x00000000eab00000, 0x0000000100000000, 0x0000000100000000)
  eden space 235520K, 0% used [0x00000000eab00000,0x00000000eab00000,0x00000000f9100000)
  from space 32768K, 99% used [0x00000000fc300000,0x00000000fe2f9030,0x00000000fe300000)
  to   space 51200K, 0% used [0x00000000f9100000,0x00000000f9100000,0x00000000fc300000)
 ParOldGen       total 84992K, used 67070K [0x00000000c0000000, 0x00000000c5300000, 0x00000000eab00000)
  object space 84992K, 78% used [0x00000000c0000000,0x00000000c417f9e8,0x00000000c5300000)
 Metaspace       used 6396K, capacity 7192K, committed 7424K, reserved 1056768K
  class space    used 612K, capacity 656K, committed 768K, reserved 1048576K
}
Event: 12.337 GC heap before
{Heap before GC invocations=7 (full 1):
 PSYoungGen      total 268288K, used 32740K [0x00000000eab00000, 0x0000000100000000, 0x0000000100000000)
  eden space 235520K, 0% used [0x00000000eab00000,0x00000000eab00000,0x00000000f9100000)
  from space 32768K, 99% used [0x00000000fc300000,0x00000000fe2f9030,0x00000000fe300000)
  to   space 51200K, 0% used [0x00000000f9100000,0x00000000f9100000,0x00000000fc300000)
 ParOldGen       total 84992K, used 67070K [0x00000000c0000000, 0x00000000c5300000, 0x00000000eab00000)
  object space 84992K, 78% used [0x00000000c0000000,0x00000000c417f9e8,0x00000000c5300000)
 Metaspace       used 6396K, capacity 7192K, committed 7424K, reserved 1056768K
  class space    used 612K, capacity 656K, committed 768K, reserved 1048576K
Event: 14.324 GC heap after
Heap after GC invocations=7 (full 1):
 PSYoungGen      total 268288K, used 10219K [0x00000000eab00000, 0x0000000100000000, 0x0000000100000000)
  eden space 235520K, 0% used [0x00000000eab00000,0x00000000eab00000,0x00000000f9100000)
  from space 32768K, 31% used [0x00000000fc300000,0x00000000fccfac40,0x00000000fe300000)
  to   space 51200K, 0% used [0x00000000f9100000,0x00000000f9100000,0x00000000fc300000)
 ParOldGen       total 167936K, used 84505K [0x00000000c0000000, 0x00000000ca400000, 0x00000000eab00000)
  object space 167936K, 50% used [0x00000000c0000000,0x00000000c5286418,0x00000000ca400000)
 Metaspace       used 6396K, capacity 7192K, committed 7424K, reserved 1056768K
  class space    used 612K, capacity 656K, committed 768K, reserved 1048576K
}
Event: 15.894 GC heap before
{Heap before GC invocations=8 (full 1):
 PSYoungGen      total 268288K, used 245739K [0x00000000eab00000, 0x0000000100000000, 0x0000000100000000)
  eden space 235520K, 100% used [0x00000000eab00000,0x00000000f9100000,0x00000000f9100000)
  from space 32768K, 31% used [0x00000000fc300000,0x00000000fccfac40,0x00000000fe300000)
  to   space 51200K, 0% used [0x00000000f9100000,0x00000000f9100000,0x00000000fc300000)
 ParOldGen       total 167936K, used 84505K [0x00000000c0000000, 0x00000000ca400000, 0x00000000eab00000)
  object space 167936K, 50% used [0x00000000c0000000,0x00000000c5286418,0x00000000ca400000)
 Metaspace       used 6430K, capacity 7256K, committed 7424K, reserved 1056768K
  class space    used 613K, capacity 656K, committed 768K, reserved 1048576K
Event: 16.332 GC heap after
Heap after GC invocations=8 (full 1):
 PSYoungGen      total 286720K, used 51177K [0x00000000eab00000, 0x0000000100000000, 0x0000000100000000)
  eden space 235520K, 0% used [0x00000000eab00000,0x00000000eab00000,0x00000000f9100000)
  from space 51200K, 99% used [0x00000000f9100000,0x00000000fc2fa508,0x00000000fc300000)
  to   space 62464K, 0% used [0x00000000fc300000,0x00000000fc300000,0x0000000100000000)
 ParOldGen       total 167936K, used 160336K [0x00000000c0000000, 0x00000000ca400000, 0x00000000eab00000)
  object space 167936K, 95% used [0x00000000c0000000,0x00000000c9c94158,0x00000000ca400000)
 Metaspace       used 6430K, capacity 7256K, committed 7424K, reserved 1056768K
  class space    used 613K, capacity 656K, committed 768K, reserved 1048576K
}
Event: 16.332 GC heap before
{Heap before GC invocations=9 (full 2):
 PSYoungGen      total 286720K, used 51177K [0x00000000eab00000, 0x0000000100000000, 0x0000000100000000)
  eden space 235520K, 0% used [0x00000000eab00000,0x00000000eab00000,0x00000000f9100000)
  from space 51200K, 99% used [0x00000000f9100000,0x00000000fc2fa508,0x00000000fc300000)
  to   space 62464K, 0% used [0x00000000fc300000,0x00000000fc300000,0x0000000100000000)
 ParOldGen       total 167936K, used 160336K [0x00000000c0000000, 0x00000000ca400000, 0x00000000eab00000)
  object space 167936K, 95% used [0x00000000c0000000,0x00000000c9c94158,0x00000000ca400000)
 Metaspace       used 6430K, capacity 7256K, committed 7424K, reserved 1056768K
  class space    used 613K, capacity 656K, committed 768K, reserved 1048576K

